app\common\model\UserModel Object
(
    [table:protected] => blog_user
    [hidden:protected] => Array
        (
            [0] => register_time
            [1] => is_status
            [2] => is_comment
            [3] => access_token
            [4] => user_id
        )

    [connection:protected] => Array
        (
        )

    [parent:protected] => 
    [query:protected] => 
    [name:protected] => UserModel
    [class:protected] => app\common\model\UserModel
    [error:protected] => 
    [validate:protected] => 
    [pk:protected] => 
    [field:protected] => Array
        (
        )

    [except:protected] => Array
        (
        )

    [disuse:protected] => Array
        (
        )

    [readonly:protected] => Array
        (
        )

    [visible:protected] => Array
        (
        )

    [append:protected] => Array
        (
        )

    [data:protected] => Array
        (
            [user_id] => 2
            [user_qq] => 2CB99992FE060C4B897B0E9419887AC8
            [user_nick] => Sumline
            [user_img] => http://qzapp.qlogo.cn/qzapp/101571601/2CB99992FE060C4B897B0E9419887AC8/100
            [access_token] => 471ebeeffb7d88fdf65035a1e29158c8
            [is_status] => 1
            [register_time] => 1557021748
            [is_comment] => 1
            [is_chat_status] => 1
            [is_chat_sign] => 
        )

    [origin:protected] => Array
        (
            [user_id] => 2
            [user_qq] => 2CB99992FE060C4B897B0E9419887AC8
            [user_nick] => Sumline
            [user_img] => http://qzapp.qlogo.cn/qzapp/101571601/2CB99992FE060C4B897B0E9419887AC8/100
            [access_token] => 471ebeeffb7d88fdf65035a1e29158c8
            [is_status] => 1
            [register_time] => 1557021748
            [is_comment] => 1
            [is_chat_status] => 1
            [is_chat_sign] => 
        )

    [relation:protected] => Array
        (
        )

    [auto:protected] => Array
        (
        )

    [insert:protected] => Array
        (
        )

    [update:protected] => Array
        (
        )

    [autoWriteTimestamp:protected] => 
    [createTime:protected] => create_time
    [updateTime:protected] => update_time
    [dateFormat:protected] => Y-m-d H:i:s
    [type:protected] => Array
        (
        )

    [isUpdate:protected] => 1
    [replace:protected] => 
    [force:protected] => 
    [updateWhere:protected] => Array
        (
            [user_qq] => Array
                (
                    [0] => eq
                    [1] => 2CB99992FE060C4B897B0E9419887AC8
                )

        )

    [failException:protected] => 
    [useGlobalScope:protected] => 1
    [batchValidate:protected] => 
    [resultSetType:protected] => \think\Collection
    [relationWrite:protected] => 
)
app\common\model\UserModel Object
(
    [table:protected] => blog_user
    [hidden:protected] => Array
        (
            [0] => register_time
            [1] => is_status
            [2] => is_comment
            [3] => access_token
            [4] => user_id
        )

    [connection:protected] => Array
        (
        )

    [parent:protected] => 
    [query:protected] => 
    [name:protected] => UserModel
    [class:protected] => app\common\model\UserModel
    [error:protected] => 
    [validate:protected] => 
    [pk:protected] => 
    [field:protected] => Array
        (
        )

    [except:protected] => Array
        (
        )

    [disuse:protected] => Array
        (
        )

    [readonly:protected] => Array
        (
        )

    [visible:protected] => Array
        (
        )

    [append:protected] => Array
        (
        )

    [data:protected] => Array
        (
            [user_id] => 3
            [user_qq] => 807D90E7A6C93F83F53510E6D6D7563D
            [user_nick] => 嘻嘻哈哈
            [user_img] => http://qzapp.qlogo.cn/qzapp/101571601/CDAB00DF2828B946DF89752DDEFB3901/100
            [access_token] => 2b41c3c9339b869db74b50407fe7950c
            [is_status] => 1
            [register_time] => 1557048703
            [is_comment] => 1
            [is_chat_status] => 1
            [is_chat_sign] => 
        )

    [origin:protected] => Array
        (
            [user_id] => 3
            [user_qq] => 807D90E7A6C93F83F53510E6D6D7563D
            [user_nick] => 嘻嘻哈哈
            [user_img] => http://qzapp.qlogo.cn/qzapp/101571601/CDAB00DF2828B946DF89752DDEFB3901/100
            [access_token] => 2b41c3c9339b869db74b50407fe7950c
            [is_status] => 1
            [register_time] => 1557048703
            [is_comment] => 1
            [is_chat_status] => 1
            [is_chat_sign] => 
        )

    [relation:protected] => Array
        (
        )

    [auto:protected] => Array
        (
        )

    [insert:protected] => Array
        (
        )

    [update:protected] => Array
        (
        )

    [autoWriteTimestamp:protected] => 
    [createTime:protected] => create_time
    [updateTime:protected] => update_time
    [dateFormat:protected] => Y-m-d H:i:s
    [type:protected] => Array
        (
        )

    [isUpdate:protected] => 1
    [replace:protected] => 
    [force:protected] => 
    [updateWhere:protected] => Array
        (
            [user_qq] => Array
                (
                    [0] => eq
                    [1] => 807D90E7A6C93F83F53510E6D6D7563D
                )

        )

    [failException:protected] => 
    [useGlobalScope:protected] => 1
    [batchValidate:protected] => 
    [resultSetType:protected] => \think\Collection
    [relationWrite:protected] => 
)
记录保存状态：1[2019-07-03 23:21:12 @13922.0]	WARNING	swSocket_bind(:428): bind(0.0.0.0:7326) failed, Error: Address already in use[98]


                                                                                 
  [Swoole\Exception]                                                             
  failed to listen server port[0.0.0.0:7326], Error: Address already in use[98]  
                                                                                 


Exception trace:
 () at /word/weblog/application/index/controller/Service.php:29
 Swoole\Server->__construct() at /word/weblog/application/index/controller/Service.php:29
 Service->__construct() at /word/weblog/application/index/controller/Service.php:331
 include() at /word/weblog/thinkphp/library/think/Loader.php:666
 think\__include_file() at /word/weblog/thinkphp/library/think/Loader.php:85
 think\Loader::autoload() at n/a:n/a
 spl_autoload_call() at n/a:n/a
 class_exists() at /word/weblog/thinkphp/library/think/Loader.php:478
 think\Loader::controller() at /word/weblog/thinkphp/library/think/App.php:580
 think\App::module() at /word/weblog/thinkphp/library/think/App.php:456
 think\App::exec() at /word/weblog/thinkphp/library/think/App.php:139
 think\App::run() at /word/weblog/thinkphp/start.php:19
 require() at /word/weblog/public/index.php:7


[2019-07-03 23:21:47 @13956.0]	WARNING	swSocket_bind(:428): bind(0.0.0.0:7326) failed, Error: Address already in use[98]


                                                                                 
  [Swoole\Exception]                                                             
  failed to listen server port[0.0.0.0:7326], Error: Address already in use[98]  
                                                                                 


Exception trace:
 () at /word/weblog/application/index/controller/Service.php:29
 Swoole\Server->__construct() at /word/weblog/application/index/controller/Service.php:29
 Service->__construct() at /word/weblog/application/index/controller/Service.php:331
 include() at /word/weblog/thinkphp/library/think/Loader.php:666
 think\__include_file() at /word/weblog/thinkphp/library/think/Loader.php:85
 think\Loader::autoload() at n/a:n/a
 spl_autoload_call() at n/a:n/a
 class_exists() at /word/weblog/thinkphp/library/think/Loader.php:478
 think\Loader::controller() at /word/weblog/thinkphp/library/think/App.php:580
 think\App::module() at /word/weblog/thinkphp/library/think/App.php:456
 think\App::exec() at /word/weblog/thinkphp/library/think/App.php:139
 think\App::run() at /word/weblog/thinkphp/start.php:19
 require() at /word/weblog/public/index.php:7


[2019-07-03 23:23:03 @14022.0]	WARNING	swSocket_bind(:428): bind(0.0.0.0:7326) failed, Error: Address already in use[98]


                                                                                 
  [Swoole\Exception]                                                             
  failed to listen server port[0.0.0.0:7326], Error: Address already in use[98]  
                                                                                 


Exception trace:
 () at /word/weblog/application/index/controller/Service.php:29
 Swoole\Server->__construct() at /word/weblog/application/index/controller/Service.php:29
 Service->__construct() at /word/weblog/application/index/controller/Service.php:331
 include() at /word/weblog/thinkphp/library/think/Loader.php:666
 think\__include_file() at /word/weblog/thinkphp/library/think/Loader.php:85
 think\Loader::autoload() at n/a:n/a
 spl_autoload_call() at n/a:n/a
 class_exists() at /word/weblog/thinkphp/library/think/Loader.php:478
 think\Loader::controller() at /word/weblog/thinkphp/library/think/App.php:580
 think\App::module() at /word/weblog/thinkphp/library/think/App.php:456
 think\App::exec() at /word/weblog/thinkphp/library/think/App.php:139
 think\App::run() at /word/weblog/thinkphp/start.php:19
 require() at /word/weblog/public/index.php:7


